<?xml version="1.0" encoding="UTF-8"?>
<testng-results ignored="0" total="4" passed="3" failed="1" skipped="0">
  <reporter-output>
  </reporter-output>
  <suite started-at="2022-04-28T20:20:47 GMT-04:00" name="Suite" finished-at="2022-04-28T20:21:29 GMT-04:00" duration-ms="42098">
    <groups>
    </groups>
    <test started-at="2022-04-28T20:20:47 GMT-04:00" name="Test" finished-at="2022-04-28T20:21:29 GMT-04:00" duration-ms="42098">
      <class name="test.LoginTest">
        <test-method is-config="true" signature="beforeMethod()[pri:0, instance:test.LoginTest@335b5620]" started-at="2022-04-28T20:20:47 GMT-04:00" name="beforeMethod" finished-at="2022-04-28T20:20:55 GMT-04:00" duration-ms="7804" status="PASS">
          <reporter-output>
          </reporter-output>
        </test-method> <!-- beforeMethod -->
        <test-method signature="loginWithWrongEmailPasswordTest()[pri:1, instance:test.LoginTest@335b5620]" started-at="2022-04-28T20:20:55 GMT-04:00" name="loginWithWrongEmailPasswordTest" finished-at="2022-04-28T20:21:05 GMT-04:00" duration-ms="10714" status="FAIL">
          <exception class="org.openqa.selenium.WebDriverException">
            <message>
              <![CDATA[TypeError: browsingContext.currentWindowGlobal is null
Build info: version: '4.1.1', revision: 'e8fcc2cecf'
System info: host: 'Vatsals-MacBook-Pro.local', ip: 'fe80:0:0:0:1016:4eb:1d19:5fe9%en0', os.name: 'Mac OS X', os.arch: 'x86_64', os.version: '10.16', java.version: '15.0.1'
Driver info: org.openqa.selenium.firefox.FirefoxDriver
Command: [f93e4951-a6eb-44ae-a83a-0edb268b5034, findElement {using=id, value=globalError}]
Capabilities {acceptInsecureCerts: true, browserName: firefox, browserVersion: 99.0.1, javascriptEnabled: true, moz:accessibilityChecks: false, moz:buildID: 20220411174855, moz:debuggerAddress: localhost:63298, moz:geckodriverVersion: 0.30.0, moz:headless: false, moz:processID: 90762, moz:profile: /var/folders/h9/dqyc75f11_3..., moz:shutdownTimeout: 60000, moz:useNonSpecCompliantPointerOrigin: false, moz:webdriverClick: true, pageLoadStrategy: normal, platform: MAC, platformName: MAC, platformVersion: 21.2.0, proxy: Proxy(), se:cdp: ws://localhost:63298/devtoo..., se:cdpVersion: 85, setWindowRect: true, strictFileInteractability: false, timeouts: {implicit: 0, pageLoad: 300000, script: 30000}, unhandledPromptBehavior: dismiss and notify}
Session ID: f93e4951-a6eb-44ae-a83a-0edb268b5034]]>
            </message>
            <full-stacktrace>
              <![CDATA[org.openqa.selenium.WebDriverException: TypeError: browsingContext.currentWindowGlobal is null
Build info: version: '4.1.1', revision: 'e8fcc2cecf'
System info: host: 'Vatsals-MacBook-Pro.local', ip: 'fe80:0:0:0:1016:4eb:1d19:5fe9%en0', os.name: 'Mac OS X', os.arch: 'x86_64', os.version: '10.16', java.version: '15.0.1'
Driver info: org.openqa.selenium.firefox.FirefoxDriver
Command: [f93e4951-a6eb-44ae-a83a-0edb268b5034, findElement {using=id, value=globalError}]
Capabilities {acceptInsecureCerts: true, browserName: firefox, browserVersion: 99.0.1, javascriptEnabled: true, moz:accessibilityChecks: false, moz:buildID: 20220411174855, moz:debuggerAddress: localhost:63298, moz:geckodriverVersion: 0.30.0, moz:headless: false, moz:processID: 90762, moz:profile: /var/folders/h9/dqyc75f11_3..., moz:shutdownTimeout: 60000, moz:useNonSpecCompliantPointerOrigin: false, moz:webdriverClick: true, pageLoadStrategy: normal, platform: MAC, platformName: MAC, platformVersion: 21.2.0, proxy: Proxy(), se:cdp: ws://localhost:63298/devtoo..., se:cdpVersion: 85, setWindowRect: true, strictFileInteractability: false, timeouts: {implicit: 0, pageLoad: 300000, script: 30000}, unhandledPromptBehavior: dismiss and notify}
Session ID: f93e4951-a6eb-44ae-a83a-0edb268b5034
at java.base/jdk.internal.reflect.NativeConstructorAccessorImpl.newInstance0(Native Method)
at java.base/jdk.internal.reflect.NativeConstructorAccessorImpl.newInstance(NativeConstructorAccessorImpl.java:64)
at java.base/jdk.internal.reflect.DelegatingConstructorAccessorImpl.newInstance(DelegatingConstructorAccessorImpl.java:45)
at java.base/java.lang.reflect.Constructor.newInstanceWithCaller(Constructor.java:500)
at java.base/java.lang.reflect.Constructor.newInstance(Constructor.java:481)
at org.openqa.selenium.remote.codec.w3c.W3CHttpResponseCodec.createException(W3CHttpResponseCodec.java:200)
at org.openqa.selenium.remote.codec.w3c.W3CHttpResponseCodec.decode(W3CHttpResponseCodec.java:133)
at org.openqa.selenium.remote.codec.w3c.W3CHttpResponseCodec.decode(W3CHttpResponseCodec.java:53)
at org.openqa.selenium.remote.HttpCommandExecutor.execute(HttpCommandExecutor.java:184)
at org.openqa.selenium.remote.service.DriverCommandExecutor.invokeExecute(DriverCommandExecutor.java:167)
at org.openqa.selenium.remote.service.DriverCommandExecutor.execute(DriverCommandExecutor.java:142)
at org.openqa.selenium.remote.RemoteWebDriver.execute(RemoteWebDriver.java:543)
at org.openqa.selenium.remote.ElementLocation$ElementFinder$2.findElement(ElementLocation.java:162)
at org.openqa.selenium.remote.ElementLocation.findElement(ElementLocation.java:60)
at org.openqa.selenium.remote.RemoteWebDriver.findElement(RemoteWebDriver.java:367)
at org.openqa.selenium.remote.RemoteWebDriver.findElement(RemoteWebDriver.java:359)
at org.openqa.selenium.support.pagefactory.DefaultElementLocator.findElement(DefaultElementLocator.java:70)
at org.openqa.selenium.support.pagefactory.internal.LocatingElementHandler.invoke(LocatingElementHandler.java:39)
at com.sun.proxy.$Proxy16.getText(Unknown Source)
at pages.LoginPage.readGlobalError(LoginPage.java:80)
at test.LoginTest.loginWithWrongEmailPasswordTest(LoginTest.java:45)
at java.base/jdk.internal.reflect.NativeMethodAccessorImpl.invoke0(Native Method)
at java.base/jdk.internal.reflect.NativeMethodAccessorImpl.invoke(NativeMethodAccessorImpl.java:64)
at java.base/jdk.internal.reflect.DelegatingMethodAccessorImpl.invoke(DelegatingMethodAccessorImpl.java:43)
at java.base/java.lang.reflect.Method.invoke(Method.java:564)
at org.testng.internal.MethodInvocationHelper.invokeMethod(MethodInvocationHelper.java:133)
at org.testng.internal.TestInvoker.invokeMethod(TestInvoker.java:598)
at org.testng.internal.TestInvoker.invokeTestMethod(TestInvoker.java:173)
at org.testng.internal.MethodRunner.runInSequence(MethodRunner.java:46)
at org.testng.internal.TestInvoker$MethodInvocationAgent.invoke(TestInvoker.java:824)
at org.testng.internal.TestInvoker.invokeTestMethods(TestInvoker.java:146)
at org.testng.internal.TestMethodWorker.invokeTestMethods(TestMethodWorker.java:146)
at org.testng.internal.TestMethodWorker.run(TestMethodWorker.java:128)
at java.base/java.util.ArrayList.forEach(ArrayList.java:1511)
at org.testng.TestRunner.privateRun(TestRunner.java:794)
at org.testng.TestRunner.run(TestRunner.java:596)
at org.testng.SuiteRunner.runTest(SuiteRunner.java:377)
at org.testng.SuiteRunner.runSequentially(SuiteRunner.java:371)
at org.testng.SuiteRunner.privateRun(SuiteRunner.java:332)
at org.testng.SuiteRunner.run(SuiteRunner.java:276)
at org.testng.SuiteRunnerWorker.runSuite(SuiteRunnerWorker.java:53)
at org.testng.SuiteRunnerWorker.run(SuiteRunnerWorker.java:96)
at org.testng.TestNG.runSuitesSequentially(TestNG.java:1212)
at org.testng.TestNG.runSuitesLocally(TestNG.java:1134)
at org.testng.TestNG.runSuites(TestNG.java:1063)
at org.testng.TestNG.run(TestNG.java:1031)
at org.testng.remote.AbstractRemoteTestNG.run(AbstractRemoteTestNG.java:115)
at org.testng.remote.RemoteTestNG.initAndRun(RemoteTestNG.java:251)
at org.testng.remote.RemoteTestNG.main(RemoteTestNG.java:77)
]]>
            </full-stacktrace>
          </exception> <!-- org.openqa.selenium.WebDriverException -->
          <reporter-output>
          </reporter-output>
        </test-method> <!-- loginWithWrongEmailPasswordTest -->
        <test-method is-config="true" signature="afterMethod()[pri:0, instance:test.LoginTest@335b5620]" started-at="2022-04-28T20:21:05 GMT-04:00" name="afterMethod" finished-at="2022-04-28T20:21:06 GMT-04:00" duration-ms="649" status="PASS">
          <reporter-output>
          </reporter-output>
        </test-method> <!-- afterMethod -->
        <test-method is-config="true" signature="beforeMethod()[pri:0, instance:test.LoginTest@335b5620]" started-at="2022-04-28T20:21:06 GMT-04:00" name="beforeMethod" finished-at="2022-04-28T20:21:11 GMT-04:00" duration-ms="4558" status="PASS">
          <reporter-output>
          </reporter-output>
        </test-method> <!-- beforeMethod -->
        <test-method signature="LoginWithEmptyEmailTest()[pri:2, instance:test.LoginTest@335b5620]" started-at="2022-04-28T20:21:11 GMT-04:00" name="LoginWithEmptyEmailTest" finished-at="2022-04-28T20:21:13 GMT-04:00" duration-ms="2467" status="PASS">
          <reporter-output>
          </reporter-output>
        </test-method> <!-- LoginWithEmptyEmailTest -->
        <test-method is-config="true" signature="afterMethod()[pri:0, instance:test.LoginTest@335b5620]" started-at="2022-04-28T20:21:13 GMT-04:00" name="afterMethod" finished-at="2022-04-28T20:21:14 GMT-04:00" duration-ms="565" status="PASS">
          <reporter-output>
          </reporter-output>
        </test-method> <!-- afterMethod -->
        <test-method is-config="true" signature="beforeMethod()[pri:0, instance:test.LoginTest@335b5620]" started-at="2022-04-28T20:21:14 GMT-04:00" name="beforeMethod" finished-at="2022-04-28T20:21:18 GMT-04:00" duration-ms="4578" status="PASS">
          <reporter-output>
          </reporter-output>
        </test-method> <!-- beforeMethod -->
        <test-method signature="LoginWithEmptyPasswordTest()[pri:3, instance:test.LoginTest@335b5620]" started-at="2022-04-28T20:21:18 GMT-04:00" name="LoginWithEmptyPasswordTest" finished-at="2022-04-28T20:21:21 GMT-04:00" duration-ms="2523" status="PASS">
          <reporter-output>
          </reporter-output>
        </test-method> <!-- LoginWithEmptyPasswordTest -->
        <test-method is-config="true" signature="afterMethod()[pri:0, instance:test.LoginTest@335b5620]" started-at="2022-04-28T20:21:21 GMT-04:00" name="afterMethod" finished-at="2022-04-28T20:21:21 GMT-04:00" duration-ms="570" status="PASS">
          <reporter-output>
          </reporter-output>
        </test-method> <!-- afterMethod -->
        <test-method is-config="true" signature="beforeMethod()[pri:0, instance:test.LoginTest@335b5620]" started-at="2022-04-28T20:21:21 GMT-04:00" name="beforeMethod" finished-at="2022-04-28T20:21:26 GMT-04:00" duration-ms="4513" status="PASS">
          <reporter-output>
          </reporter-output>
        </test-method> <!-- beforeMethod -->
        <test-method signature="LoginWithSpecialCharTest()[pri:4, instance:test.LoginTest@335b5620]" started-at="2022-04-28T20:21:26 GMT-04:00" name="LoginWithSpecialCharTest" finished-at="2022-04-28T20:21:28 GMT-04:00" duration-ms="2528" status="PASS">
          <reporter-output>
          </reporter-output>
        </test-method> <!-- LoginWithSpecialCharTest -->
        <test-method is-config="true" signature="afterMethod()[pri:0, instance:test.LoginTest@335b5620]" started-at="2022-04-28T20:21:28 GMT-04:00" name="afterMethod" finished-at="2022-04-28T20:21:29 GMT-04:00" duration-ms="575" status="PASS">
          <reporter-output>
          </reporter-output>
        </test-method> <!-- afterMethod -->
      </class> <!-- test.LoginTest -->
    </test> <!-- Test -->
  </suite> <!-- Suite -->
</testng-results>
